[2021-10-11 18:39:28] (ERROR in xPDO::getService @ D:\OpenServer\domains\localhost\stage2\core\xpdo\xpdo.class.php : 1235) modRestClient::__construct is deprecated since version 2.3.0. Use the modRest classes instead.
[2021-10-11 18:39:28] (ERROR in modRestCurlClient::__construct @ D:\OpenServer\domains\localhost\stage2\core\model\modx\rest\modrestcurlclient.class.php : 26) modRestClient::__construct is deprecated since version 2.3.0. Use the modRest classes instead.
[2021-10-11 18:39:28] (ERROR in modRestCurlClient::__construct @ D:\OpenServer\domains\localhost\stage2\core\model\modx\rest\modrestcurlclient.class.php : 26) modRestClient::__construct is deprecated since version 2.3.0. Use the modRest classes instead.
[2021-10-11 18:39:33] (ERROR in xPDO::getService @ D:\OpenServer\domains\localhost\stage2\core\xpdo\xpdo.class.php : 1235) modRestClient::__construct is deprecated since version 2.3.0. Use the modRest classes instead.
[2021-10-11 18:39:33] (ERROR in xPDO::getService @ D:\OpenServer\domains\localhost\stage2\core\xpdo\xpdo.class.php : 1235) modRestClient::__construct is deprecated since version 2.3.0. Use the modRest classes instead.
[2021-10-11 18:39:33] (ERROR in modRestCurlClient::__construct @ D:\OpenServer\domains\localhost\stage2\core\model\modx\rest\modrestcurlclient.class.php : 26) modRestClient::__construct is deprecated since version 2.3.0. Use the modRest classes instead.
[2021-10-11 18:39:33] (ERROR in modRestCurlClient::__construct @ D:\OpenServer\domains\localhost\stage2\core\model\modx\rest\modrestcurlclient.class.php : 26) modRestClient::__construct is deprecated since version 2.3.0. Use the modRest classes instead.
[2021-10-11 18:39:53] (ERROR in xPDO::getService @ D:\OpenServer\domains\localhost\stage2\core\xpdo\xpdo.class.php : 1235) modRestClient::__construct is deprecated since version 2.3.0. Use the modRest classes instead.
[2021-10-11 18:39:53] (ERROR in modRestCurlClient::__construct @ D:\OpenServer\domains\localhost\stage2\core\model\modx\rest\modrestcurlclient.class.php : 26) modRestClient::__construct is deprecated since version 2.3.0. Use the modRest classes instead.
[2021-10-11 18:40:00] (ERROR in xPDO::getService @ D:\OpenServer\domains\localhost\stage2\core\xpdo\xpdo.class.php : 1235) modRestClient::__construct is deprecated since version 2.3.0. Use the modRest classes instead.
[2021-10-11 18:40:00] (ERROR in modRestCurlClient::__construct @ D:\OpenServer\domains\localhost\stage2\core\model\modx\rest\modrestcurlclient.class.php : 26) modRestClient::__construct is deprecated since version 2.3.0. Use the modRest classes instead.
[2021-10-11 18:40:13] (ERROR in xPDO::getService @ D:\OpenServer\domains\localhost\stage2\core\xpdo\xpdo.class.php : 1235) modRestClient::__construct is deprecated since version 2.3.0. Use the modRest classes instead.
[2021-10-11 18:40:13] (ERROR in modRestCurlClient::__construct @ D:\OpenServer\domains\localhost\stage2\core\model\modx\rest\modrestcurlclient.class.php : 26) modRestClient::__construct is deprecated since version 2.3.0. Use the modRest classes instead.
[2021-10-11 18:40:13] (ERROR in xPDO::getService @ D:\OpenServer\domains\localhost\stage2\core\xpdo\xpdo.class.php : 1235) modRestClient::__construct is deprecated since version 2.3.0. Use the modRest classes instead.
[2021-10-11 18:40:13] (ERROR in modRestCurlClient::__construct @ D:\OpenServer\domains\localhost\stage2\core\model\modx\rest\modrestcurlclient.class.php : 26) modRestClient::__construct is deprecated since version 2.3.0. Use the modRest classes instead.
[2021-10-11 18:40:49] (ERROR in xPDO::getService @ D:\OpenServer\domains\localhost\stage2\core\xpdo\xpdo.class.php : 1235) modRestClient::__construct is deprecated since version 2.3.0. Use the modRest classes instead.
[2021-10-11 18:40:49] (ERROR in modRestCurlClient::__construct @ D:\OpenServer\domains\localhost\stage2\core\model\modx\rest\modrestcurlclient.class.php : 26) modRestClient::__construct is deprecated since version 2.3.0. Use the modRest classes instead.
[2021-10-11 18:40:58] (ERROR in xPDO::getService @ D:\OpenServer\domains\localhost\stage2\core\xpdo\xpdo.class.php : 1235) modRestClient::__construct is deprecated since version 2.3.0. Use the modRest classes instead.
[2021-10-11 18:40:58] (ERROR in modRestCurlClient::__construct @ D:\OpenServer\domains\localhost\stage2\core\model\modx\rest\modrestcurlclient.class.php : 26) modRestClient::__construct is deprecated since version 2.3.0. Use the modRest classes instead.
[2021-10-11 18:41:14] (ERROR in xPDO::getService @ D:\OpenServer\domains\localhost\stage2\core\xpdo\xpdo.class.php : 1235) modRestClient::__construct is deprecated since version 2.3.0. Use the modRest classes instead.
[2021-10-11 18:41:14] (ERROR in modRestCurlClient::__construct @ D:\OpenServer\domains\localhost\stage2\core\model\modx\rest\modrestcurlclient.class.php : 26) modRestClient::__construct is deprecated since version 2.3.0. Use the modRest classes instead.
[2021-10-11 18:41:14] (ERROR in xPDO::getService @ D:\OpenServer\domains\localhost\stage2\core\xpdo\xpdo.class.php : 1235) modRestClient::__construct is deprecated since version 2.3.0. Use the modRest classes instead.
[2021-10-11 18:41:14] (ERROR in modRestCurlClient::__construct @ D:\OpenServer\domains\localhost\stage2\core\model\modx\rest\modrestcurlclient.class.php : 26) modRestClient::__construct is deprecated since version 2.3.0. Use the modRest classes instead.
[2021-10-11 18:41:40] (ERROR in xPDO::getService @ D:\OpenServer\domains\localhost\stage2\core\xpdo\xpdo.class.php : 1235) modRestClient::__construct is deprecated since version 2.3.0. Use the modRest classes instead.
[2021-10-11 18:41:40] (ERROR in modRestCurlClient::__construct @ D:\OpenServer\domains\localhost\stage2\core\model\modx\rest\modrestcurlclient.class.php : 26) modRestClient::__construct is deprecated since version 2.3.0. Use the modRest classes instead.
[2021-10-11 18:41:47] (ERROR in xPDO::getService @ D:\OpenServer\domains\localhost\stage2\core\xpdo\xpdo.class.php : 1235) modRestClient::__construct is deprecated since version 2.3.0. Use the modRest classes instead.
[2021-10-11 18:41:47] (ERROR in modRestCurlClient::__construct @ D:\OpenServer\domains\localhost\stage2\core\model\modx\rest\modrestcurlclient.class.php : 26) modRestClient::__construct is deprecated since version 2.3.0. Use the modRest classes instead.
[2021-10-11 18:41:55] (ERROR in xPDO::getService @ D:\OpenServer\domains\localhost\stage2\core\xpdo\xpdo.class.php : 1235) modRestClient::__construct is deprecated since version 2.3.0. Use the modRest classes instead.
[2021-10-11 18:41:55] (ERROR in modRestCurlClient::__construct @ D:\OpenServer\domains\localhost\stage2\core\model\modx\rest\modrestcurlclient.class.php : 26) modRestClient::__construct is deprecated since version 2.3.0. Use the modRest classes instead.
[2021-10-11 18:41:55] (ERROR in xPDO::getService @ D:\OpenServer\domains\localhost\stage2\core\xpdo\xpdo.class.php : 1235) modRestClient::__construct is deprecated since version 2.3.0. Use the modRest classes instead.
[2021-10-11 18:41:55] (ERROR in modRestCurlClient::__construct @ D:\OpenServer\domains\localhost\stage2\core\model\modx\rest\modrestcurlclient.class.php : 26) modRestClient::__construct is deprecated since version 2.3.0. Use the modRest classes instead.
[2021-10-11 18:42:20] (ERROR in xPDO::getService @ D:\OpenServer\domains\localhost\stage2\core\xpdo\xpdo.class.php : 1235) modRestClient::__construct is deprecated since version 2.3.0. Use the modRest classes instead.
[2021-10-11 18:42:20] (ERROR in modRestCurlClient::__construct @ D:\OpenServer\domains\localhost\stage2\core\model\modx\rest\modrestcurlclient.class.php : 26) modRestClient::__construct is deprecated since version 2.3.0. Use the modRest classes instead.
[2021-10-11 18:42:36] (ERROR in xPDO::getService @ D:\OpenServer\domains\localhost\stage2\core\xpdo\xpdo.class.php : 1235) modRestClient::__construct is deprecated since version 2.3.0. Use the modRest classes instead.
[2021-10-11 18:42:36] (ERROR in modRestCurlClient::__construct @ D:\OpenServer\domains\localhost\stage2\core\model\modx\rest\modrestcurlclient.class.php : 26) modRestClient::__construct is deprecated since version 2.3.0. Use the modRest classes instead.
[2021-10-11 18:42:45] (ERROR in xPDO::getService @ D:\OpenServer\domains\localhost\stage2\core\xpdo\xpdo.class.php : 1235) modRestClient::__construct is deprecated since version 2.3.0. Use the modRest classes instead.
[2021-10-11 18:42:45] (ERROR in modRestCurlClient::__construct @ D:\OpenServer\domains\localhost\stage2\core\model\modx\rest\modrestcurlclient.class.php : 26) modRestClient::__construct is deprecated since version 2.3.0. Use the modRest classes instead.
[2021-10-11 18:42:45] (ERROR in xPDO::getService @ D:\OpenServer\domains\localhost\stage2\core\xpdo\xpdo.class.php : 1235) modRestClient::__construct is deprecated since version 2.3.0. Use the modRest classes instead.
[2021-10-11 18:42:45] (ERROR in modRestCurlClient::__construct @ D:\OpenServer\domains\localhost\stage2\core\model\modx\rest\modrestcurlclient.class.php : 26) modRestClient::__construct is deprecated since version 2.3.0. Use the modRest classes instead.
[2021-10-11 18:43:03] (ERROR in xPDO::getService @ D:\OpenServer\domains\localhost\stage2\core\xpdo\xpdo.class.php : 1235) modRestClient::__construct is deprecated since version 2.3.0. Use the modRest classes instead.
[2021-10-11 18:43:03] (ERROR in modRestCurlClient::__construct @ D:\OpenServer\domains\localhost\stage2\core\model\modx\rest\modrestcurlclient.class.php : 26) modRestClient::__construct is deprecated since version 2.3.0. Use the modRest classes instead.
[2021-10-11 18:43:03] (ERROR in xPDO::getService @ D:\OpenServer\domains\localhost\stage2\core\xpdo\xpdo.class.php : 1235) modRestClient::__construct is deprecated since version 2.3.0. Use the modRest classes instead.
[2021-10-11 18:43:03] (ERROR in modRestCurlClient::__construct @ D:\OpenServer\domains\localhost\stage2\core\model\modx\rest\modrestcurlclient.class.php : 26) modRestClient::__construct is deprecated since version 2.3.0. Use the modRest classes instead.
[2021-10-11 18:43:17] (ERROR in xPDO::getService @ D:\OpenServer\domains\localhost\stage2\core\xpdo\xpdo.class.php : 1235) modRestClient::__construct is deprecated since version 2.3.0. Use the modRest classes instead.
[2021-10-11 18:43:17] (ERROR in modRestCurlClient::__construct @ D:\OpenServer\domains\localhost\stage2\core\model\modx\rest\modrestcurlclient.class.php : 26) modRestClient::__construct is deprecated since version 2.3.0. Use the modRest classes instead.
[2021-10-11 18:43:40] (ERROR in xPDO::getService @ D:\OpenServer\domains\localhost\stage2\core\xpdo\xpdo.class.php : 1235) modRestClient::__construct is deprecated since version 2.3.0. Use the modRest classes instead.
[2021-10-11 18:43:40] (ERROR in modRestCurlClient::__construct @ D:\OpenServer\domains\localhost\stage2\core\model\modx\rest\modrestcurlclient.class.php : 26) modRestClient::__construct is deprecated since version 2.3.0. Use the modRest classes instead.
[2021-10-11 18:44:10] (ERROR in xPDO::getService @ D:\OpenServer\domains\localhost\stage2\core\xpdo\xpdo.class.php : 1235) modRestClient::__construct is deprecated since version 2.3.0. Use the modRest classes instead.
[2021-10-11 18:44:10] (ERROR in modRestCurlClient::__construct @ D:\OpenServer\domains\localhost\stage2\core\model\modx\rest\modrestcurlclient.class.php : 26) modRestClient::__construct is deprecated since version 2.3.0. Use the modRest classes instead.
[2021-10-11 18:44:34] (ERROR in xPDO::getService @ D:\OpenServer\domains\localhost\stage2\core\xpdo\xpdo.class.php : 1235) modRestClient::__construct is deprecated since version 2.3.0. Use the modRest classes instead.
[2021-10-11 18:44:34] (ERROR in modRestCurlClient::__construct @ D:\OpenServer\domains\localhost\stage2\core\model\modx\rest\modrestcurlclient.class.php : 26) modRestClient::__construct is deprecated since version 2.3.0. Use the modRest classes instead.
[2021-10-11 18:44:54] (ERROR in xPDO::getService @ D:\OpenServer\domains\localhost\stage2\core\xpdo\xpdo.class.php : 1235) modRestClient::__construct is deprecated since version 2.3.0. Use the modRest classes instead.
[2021-10-11 18:44:54] (ERROR in modRestCurlClient::__construct @ D:\OpenServer\domains\localhost\stage2\core\model\modx\rest\modrestcurlclient.class.php : 26) modRestClient::__construct is deprecated since version 2.3.0. Use the modRest classes instead.
[2021-10-11 19:10:05] (ERROR @ D:\OpenServer\domains\localhost\stage2\core\xpdo\om\xpdoobject.class.php : 240) Error 42000 executing statement: 
Array
(
    [0] => 42000
    [1] => 1055
    [2] => Expression #1 of SELECT list is not in GROUP BY clause and contains nonaggregated column 'stage2.FormItForm.id' which is not functionally dependent on columns in GROUP BY clause; this is incompatible with sql_mode=only_full_group_by
)

[2021-10-11 19:14:31] (ERROR in xPDO::getService @ D:\OpenServer\domains\localhost\stage2\core\xpdo\xpdo.class.php : 1235) modRestClient::__construct is deprecated since version 2.3.0. Use the modRest classes instead.
[2021-10-11 19:14:31] (ERROR in modRestCurlClient::__construct @ D:\OpenServer\domains\localhost\stage2\core\model\modx\rest\modrestcurlclient.class.php : 26) modRestClient::__construct is deprecated since version 2.3.0. Use the modRest classes instead.
[2021-10-11 19:14:31] (ERROR in xPDO::getService @ D:\OpenServer\domains\localhost\stage2\core\xpdo\xpdo.class.php : 1235) modRestClient::__construct is deprecated since version 2.3.0. Use the modRest classes instead.
[2021-10-11 19:14:31] (ERROR in modRestCurlClient::__construct @ D:\OpenServer\domains\localhost\stage2\core\model\modx\rest\modrestcurlclient.class.php : 26) modRestClient::__construct is deprecated since version 2.3.0. Use the modRest classes instead.
[2021-10-11 19:14:31] (ERROR in xPDO::getService @ D:\OpenServer\domains\localhost\stage2\core\xpdo\xpdo.class.php : 1235) modRestClient::__construct is deprecated since version 2.3.0. Use the modRest classes instead.
[2021-10-11 19:14:31] (ERROR in modRestCurlClient::__construct @ D:\OpenServer\domains\localhost\stage2\core\model\modx\rest\modrestcurlclient.class.php : 26) modRestClient::__construct is deprecated since version 2.3.0. Use the modRest classes instead.
[2021-10-11 19:14:35] (ERROR in xPDO::getService @ D:\OpenServer\domains\localhost\stage2\core\xpdo\xpdo.class.php : 1235) modRestClient::__construct is deprecated since version 2.3.0. Use the modRest classes instead.
[2021-10-11 19:14:35] (ERROR in modRestCurlClient::__construct @ D:\OpenServer\domains\localhost\stage2\core\model\modx\rest\modrestcurlclient.class.php : 26) modRestClient::__construct is deprecated since version 2.3.0. Use the modRest classes instead.
[2021-10-11 19:14:35] (ERROR in xPDO::getService @ D:\OpenServer\domains\localhost\stage2\core\xpdo\xpdo.class.php : 1235) modRestClient::__construct is deprecated since version 2.3.0. Use the modRest classes instead.
[2021-10-11 19:14:35] (ERROR in modRestCurlClient::__construct @ D:\OpenServer\domains\localhost\stage2\core\model\modx\rest\modrestcurlclient.class.php : 26) modRestClient::__construct is deprecated since version 2.3.0. Use the modRest classes instead.
[2021-10-11 19:14:37] (ERROR in xPDO::getService @ D:\OpenServer\domains\localhost\stage2\core\xpdo\xpdo.class.php : 1235) modRestClient::__construct is deprecated since version 2.3.0. Use the modRest classes instead.
[2021-10-11 19:14:37] (ERROR in modRestCurlClient::__construct @ D:\OpenServer\domains\localhost\stage2\core\model\modx\rest\modrestcurlclient.class.php : 26) modRestClient::__construct is deprecated since version 2.3.0. Use the modRest classes instead.
[2021-10-11 19:14:42] (ERROR in xPDO::getService @ D:\OpenServer\domains\localhost\stage2\core\xpdo\xpdo.class.php : 1235) modRestClient::__construct is deprecated since version 2.3.0. Use the modRest classes instead.
[2021-10-11 19:14:42] (ERROR in modRestCurlClient::__construct @ D:\OpenServer\domains\localhost\stage2\core\model\modx\rest\modrestcurlclient.class.php : 26) modRestClient::__construct is deprecated since version 2.3.0. Use the modRest classes instead.
[2021-10-11 19:14:54] (ERROR in xPDO::getService @ D:\OpenServer\domains\localhost\stage2\core\xpdo\xpdo.class.php : 1235) modRestClient::__construct is deprecated since version 2.3.0. Use the modRest classes instead.
[2021-10-11 19:14:54] (ERROR in modRestCurlClient::__construct @ D:\OpenServer\domains\localhost\stage2\core\model\modx\rest\modrestcurlclient.class.php : 26) modRestClient::__construct is deprecated since version 2.3.0. Use the modRest classes instead.
[2021-10-11 19:14:54] (ERROR in xPDO::getService @ D:\OpenServer\domains\localhost\stage2\core\xpdo\xpdo.class.php : 1235) modRestClient::__construct is deprecated since version 2.3.0. Use the modRest classes instead.
[2021-10-11 19:14:54] (ERROR in modRestCurlClient::__construct @ D:\OpenServer\domains\localhost\stage2\core\model\modx\rest\modrestcurlclient.class.php : 26) modRestClient::__construct is deprecated since version 2.3.0. Use the modRest classes instead.
[2021-10-11 19:15:16] (ERROR in xPDO::getService @ D:\OpenServer\domains\localhost\stage2\core\xpdo\xpdo.class.php : 1235) modRestClient::__construct is deprecated since version 2.3.0. Use the modRest classes instead.
[2021-10-11 19:15:16] (ERROR in modRestCurlClient::__construct @ D:\OpenServer\domains\localhost\stage2\core\model\modx\rest\modrestcurlclient.class.php : 26) modRestClient::__construct is deprecated since version 2.3.0. Use the modRest classes instead.
[2021-10-11 20:22:17] (ERROR in xPDO::getService @ D:\OpenServer\domains\localhost\stage2\core\xpdo\xpdo.class.php : 1235) modRestClient::__construct is deprecated since version 2.3.0. Use the modRest classes instead.
[2021-10-11 20:22:17] (ERROR in modRestCurlClient::__construct @ D:\OpenServer\domains\localhost\stage2\core\model\modx\rest\modrestcurlclient.class.php : 26) modRestClient::__construct is deprecated since version 2.3.0. Use the modRest classes instead.
[2021-10-11 20:24:34] (ERROR in xPDO::getService @ D:\OpenServer\domains\localhost\stage2\core\xpdo\xpdo.class.php : 1235) modRestClient::__construct is deprecated since version 2.3.0. Use the modRest classes instead.
[2021-10-11 20:24:34] (ERROR in modRestCurlClient::__construct @ D:\OpenServer\domains\localhost\stage2\core\model\modx\rest\modrestcurlclient.class.php : 26) modRestClient::__construct is deprecated since version 2.3.0. Use the modRest classes instead.
[2021-10-11 20:45:35] (ERROR in xPDO::getService @ D:\OpenServer\domains\localhost\stage2\core\xpdo\xpdo.class.php : 1235) modRestClient::__construct is deprecated since version 2.3.0. Use the modRest classes instead.
[2021-10-11 20:45:35] (ERROR in modRestCurlClient::__construct @ D:\OpenServer\domains\localhost\stage2\core\model\modx\rest\modrestcurlclient.class.php : 26) modRestClient::__construct is deprecated since version 2.3.0. Use the modRest classes instead.
[2021-10-11 20:48:12] (ERROR in xPDO::getService @ D:\OpenServer\domains\localhost\stage2\core\xpdo\xpdo.class.php : 1235) modRestClient::__construct is deprecated since version 2.3.0. Use the modRest classes instead.
[2021-10-11 20:48:12] (ERROR in modRestCurlClient::__construct @ D:\OpenServer\domains\localhost\stage2\core\model\modx\rest\modrestcurlclient.class.php : 26) modRestClient::__construct is deprecated since version 2.3.0. Use the modRest classes instead.
[2021-10-12 23:07:40] (ERROR in xPDO::getService @ D:\OpenServer\domains\localhost\stage2\core\xpdo\xpdo.class.php : 1235) modRestClient::__construct is deprecated since version 2.3.0. Use the modRest classes instead.
[2021-10-12 23:07:40] (ERROR in modRestCurlClient::__construct @ D:\OpenServer\domains\localhost\stage2\core\model\modx\rest\modrestcurlclient.class.php : 26) modRestClient::__construct is deprecated since version 2.3.0. Use the modRest classes instead.
[2021-10-12 23:07:40] (ERROR in modRestCurlClient::__construct @ D:\OpenServer\domains\localhost\stage2\core\model\modx\rest\modrestcurlclient.class.php : 26) modRestClient::__construct is deprecated since version 2.3.0. Use the modRest classes instead.
[2021-10-12 23:07:40] (ERROR in xPDO::getService @ D:\OpenServer\domains\localhost\stage2\core\xpdo\xpdo.class.php : 1235) modRestClient::__construct is deprecated since version 2.3.0. Use the modRest classes instead.
[2021-10-12 23:07:40] (ERROR in modRestCurlClient::__construct @ D:\OpenServer\domains\localhost\stage2\core\model\modx\rest\modrestcurlclient.class.php : 26) modRestClient::__construct is deprecated since version 2.3.0. Use the modRest classes instead.
[2021-10-12 23:07:42] (ERROR in xPDO::getService @ D:\OpenServer\domains\localhost\stage2\core\xpdo\xpdo.class.php : 1235) modRestClient::__construct is deprecated since version 2.3.0. Use the modRest classes instead.
[2021-10-12 23:07:42] (ERROR in modRestCurlClient::__construct @ D:\OpenServer\domains\localhost\stage2\core\model\modx\rest\modrestcurlclient.class.php : 26) modRestClient::__construct is deprecated since version 2.3.0. Use the modRest classes instead.
[2021-10-12 23:07:42] (ERROR in xPDO::getService @ D:\OpenServer\domains\localhost\stage2\core\xpdo\xpdo.class.php : 1235) modRestClient::__construct is deprecated since version 2.3.0. Use the modRest classes instead.
[2021-10-12 23:07:42] (ERROR in modRestCurlClient::__construct @ D:\OpenServer\domains\localhost\stage2\core\model\modx\rest\modrestcurlclient.class.php : 26) modRestClient::__construct is deprecated since version 2.3.0. Use the modRest classes instead.
[2021-10-12 23:07:50] (ERROR in xPDO::getService @ D:\OpenServer\domains\localhost\stage2\core\xpdo\xpdo.class.php : 1235) modRestClient::__construct is deprecated since version 2.3.0. Use the modRest classes instead.
[2021-10-12 23:07:50] (ERROR in modRestCurlClient::__construct @ D:\OpenServer\domains\localhost\stage2\core\model\modx\rest\modrestcurlclient.class.php : 26) modRestClient::__construct is deprecated since version 2.3.0. Use the modRest classes instead.
[2021-10-12 23:07:56] (ERROR in xPDO::getService @ D:\OpenServer\domains\localhost\stage2\core\xpdo\xpdo.class.php : 1235) modRestClient::__construct is deprecated since version 2.3.0. Use the modRest classes instead.
[2021-10-12 23:07:56] (ERROR in modRestCurlClient::__construct @ D:\OpenServer\domains\localhost\stage2\core\model\modx\rest\modrestcurlclient.class.php : 26) modRestClient::__construct is deprecated since version 2.3.0. Use the modRest classes instead.
[2021-10-12 23:08:11] (ERROR in xPDO::getService @ D:\OpenServer\domains\localhost\stage2\core\xpdo\xpdo.class.php : 1235) modRestClient::__construct is deprecated since version 2.3.0. Use the modRest classes instead.
[2021-10-12 23:08:11] (ERROR in modRestCurlClient::__construct @ D:\OpenServer\domains\localhost\stage2\core\model\modx\rest\modrestcurlclient.class.php : 26) modRestClient::__construct is deprecated since version 2.3.0. Use the modRest classes instead.
[2021-10-12 23:08:11] (ERROR in xPDO::getService @ D:\OpenServer\domains\localhost\stage2\core\xpdo\xpdo.class.php : 1235) modRestClient::__construct is deprecated since version 2.3.0. Use the modRest classes instead.
[2021-10-12 23:08:11] (ERROR in modRestCurlClient::__construct @ D:\OpenServer\domains\localhost\stage2\core\model\modx\rest\modrestcurlclient.class.php : 26) modRestClient::__construct is deprecated since version 2.3.0. Use the modRest classes instead.
[2021-10-12 23:08:27] (ERROR in xPDO::getService @ D:\OpenServer\domains\localhost\stage2\core\xpdo\xpdo.class.php : 1235) modRestClient::__construct is deprecated since version 2.3.0. Use the modRest classes instead.
[2021-10-12 23:08:27] (ERROR in modRestCurlClient::__construct @ D:\OpenServer\domains\localhost\stage2\core\model\modx\rest\modrestcurlclient.class.php : 26) modRestClient::__construct is deprecated since version 2.3.0. Use the modRest classes instead.
[2021-10-12 23:08:46] (ERROR in xPDO::getService @ D:\OpenServer\domains\localhost\stage2\core\xpdo\xpdo.class.php : 1235) modRestClient::__construct is deprecated since version 2.3.0. Use the modRest classes instead.
[2021-10-12 23:08:46] (ERROR in modRestCurlClient::__construct @ D:\OpenServer\domains\localhost\stage2\core\model\modx\rest\modrestcurlclient.class.php : 26) modRestClient::__construct is deprecated since version 2.3.0. Use the modRest classes instead.
[2021-10-12 23:08:46] (ERROR in xPDO::getService @ D:\OpenServer\domains\localhost\stage2\core\xpdo\xpdo.class.php : 1235) modRestClient::__construct is deprecated since version 2.3.0. Use the modRest classes instead.
[2021-10-12 23:08:46] (ERROR in modRestCurlClient::__construct @ D:\OpenServer\domains\localhost\stage2\core\model\modx\rest\modrestcurlclient.class.php : 26) modRestClient::__construct is deprecated since version 2.3.0. Use the modRest classes instead.
[2021-10-12 23:09:09] (ERROR @ D:\OpenServer\domains\localhost\stage2\core\xpdo\om\xpdoobject.class.php : 240) Error 42000 executing statement: 
Array
(
    [0] => 42000
    [1] => 1055
    [2] => Expression #1 of SELECT list is not in GROUP BY clause and contains nonaggregated column 'stage2.migxConfig.id' which is not functionally dependent on columns in GROUP BY clause; this is incompatible with sql_mode=only_full_group_by
)

[2021-10-12 23:09:09] (ERROR @ D:\OpenServer\domains\localhost\stage2\core\xpdo\om\xpdoobject.class.php : 240) Error 42000 executing statement: 
Array
(
    [0] => 42000
    [1] => 1055
    [2] => Expression #1 of SELECT list is not in GROUP BY clause and contains nonaggregated column 'stage2.migxConfig.id' which is not functionally dependent on columns in GROUP BY clause; this is incompatible with sql_mode=only_full_group_by
)

[2021-10-12 23:09:14] (ERROR @ D:\OpenServer\domains\localhost\stage2\core\xpdo\om\xpdoobject.class.php : 240) Error 42000 executing statement: 
Array
(
    [0] => 42000
    [1] => 1055
    [2] => Expression #1 of SELECT list is not in GROUP BY clause and contains nonaggregated column 'stage2.migxConfig.id' which is not functionally dependent on columns in GROUP BY clause; this is incompatible with sql_mode=only_full_group_by
)

[2021-10-12 23:09:14] (ERROR @ D:\OpenServer\domains\localhost\stage2\core\xpdo\om\xpdoobject.class.php : 240) Error 42000 executing statement: 
Array
(
    [0] => 42000
    [1] => 1055
    [2] => Expression #1 of SELECT list is not in GROUP BY clause and contains nonaggregated column 'stage2.migxConfig.id' which is not functionally dependent on columns in GROUP BY clause; this is incompatible with sql_mode=only_full_group_by
)

[2021-10-12 23:09:56] (ERROR @ D:\OpenServer\domains\localhost\stage2\core\xpdo\om\xpdoobject.class.php : 240) Error 42000 executing statement: 
Array
(
    [0] => 42000
    [1] => 1055
    [2] => Expression #1 of SELECT list is not in GROUP BY clause and contains nonaggregated column 'stage2.migxConfig.id' which is not functionally dependent on columns in GROUP BY clause; this is incompatible with sql_mode=only_full_group_by
)

[2021-10-12 23:09:56] (ERROR @ D:\OpenServer\domains\localhost\stage2\core\xpdo\om\xpdoobject.class.php : 240) Error 42000 executing statement: 
Array
(
    [0] => 42000
    [1] => 1055
    [2] => Expression #1 of SELECT list is not in GROUP BY clause and contains nonaggregated column 'stage2.migxConfig.id' which is not functionally dependent on columns in GROUP BY clause; this is incompatible with sql_mode=only_full_group_by
)

[2021-10-12 23:11:01] (ERROR @ D:\OpenServer\domains\localhost\stage2\core\xpdo\om\xpdoobject.class.php : 240) Error 42000 executing statement: 
Array
(
    [0] => 42000
    [1] => 1055
    [2] => Expression #1 of SELECT list is not in GROUP BY clause and contains nonaggregated column 'stage2.migxConfig.id' which is not functionally dependent on columns in GROUP BY clause; this is incompatible with sql_mode=only_full_group_by
)

[2021-10-12 23:11:01] (ERROR in modProcessor::run @ D:\OpenServer\domains\localhost\stage2\core\model\modx\modprocessor.class.php : 185) Flat file processor support, used for action mgr/migxdb/update with path D:/OpenServer/domains/localhost/stage2/core/components/migx/processors/mgr/migxdb/update.php, is deprecated since version 2.7.0. 
[2021-10-12 23:11:01] (ERROR @ D:\OpenServer\domains\localhost\stage2\core\xpdo\om\xpdoobject.class.php : 240) Error 42000 executing statement: 
Array
(
    [0] => 42000
    [1] => 1055
    [2] => Expression #1 of SELECT list is not in GROUP BY clause and contains nonaggregated column 'stage2.migxConfig.id' which is not functionally dependent on columns in GROUP BY clause; this is incompatible with sql_mode=only_full_group_by
)

[2021-10-12 23:11:01] (ERROR @ D:\OpenServer\domains\localhost\stage2\core\components\migx\processors\mgr\migxconfigs\update.php : 406) modCacheManager::clearCache is deprecated since version 2.1.0. Use modCacheManager::refresh() instead.
[2021-10-12 23:11:04] (ERROR @ D:\OpenServer\domains\localhost\stage2\core\xpdo\om\xpdoobject.class.php : 240) Error 42000 executing statement: 
Array
(
    [0] => 42000
    [1] => 1055
    [2] => Expression #1 of SELECT list is not in GROUP BY clause and contains nonaggregated column 'stage2.migxConfig.id' which is not functionally dependent on columns in GROUP BY clause; this is incompatible with sql_mode=only_full_group_by
)

[2021-10-12 23:11:14] (ERROR @ D:\OpenServer\domains\localhost\stage2\core\xpdo\om\xpdoobject.class.php : 240) Error 42000 executing statement: 
Array
(
    [0] => 42000
    [1] => 1055
    [2] => Expression #1 of SELECT list is not in GROUP BY clause and contains nonaggregated column 'stage2.migxConfig.id' which is not functionally dependent on columns in GROUP BY clause; this is incompatible with sql_mode=only_full_group_by
)

[2021-10-12 23:11:14] (ERROR @ D:\OpenServer\domains\localhost\stage2\core\xpdo\om\xpdoobject.class.php : 240) Error 42000 executing statement: 
Array
(
    [0] => 42000
    [1] => 1055
    [2] => Expression #1 of SELECT list is not in GROUP BY clause and contains nonaggregated column 'stage2.migxConfig.id' which is not functionally dependent on columns in GROUP BY clause; this is incompatible with sql_mode=only_full_group_by
)

[2021-10-12 23:13:18] (ERROR @ D:\OpenServer\domains\localhost\stage2\core\xpdo\om\xpdoobject.class.php : 240) Error 42000 executing statement: 
Array
(
    [0] => 42000
    [1] => 1055
    [2] => Expression #1 of SELECT list is not in GROUP BY clause and contains nonaggregated column 'stage2.migxConfig.id' which is not functionally dependent on columns in GROUP BY clause; this is incompatible with sql_mode=only_full_group_by
)

[2021-10-12 23:13:18] (ERROR in modProcessor::run @ D:\OpenServer\domains\localhost\stage2\core\model\modx\modprocessor.class.php : 185) Flat file processor support, used for action mgr/migxdb/update with path D:/OpenServer/domains/localhost/stage2/core/components/migx/processors/mgr/migxdb/update.php, is deprecated since version 2.7.0. 
[2021-10-12 23:13:18] (ERROR @ D:\OpenServer\domains\localhost\stage2\core\xpdo\om\xpdoobject.class.php : 240) Error 42000 executing statement: 
Array
(
    [0] => 42000
    [1] => 1055
    [2] => Expression #1 of SELECT list is not in GROUP BY clause and contains nonaggregated column 'stage2.migxConfig.id' which is not functionally dependent on columns in GROUP BY clause; this is incompatible with sql_mode=only_full_group_by
)

[2021-10-12 23:13:18] (ERROR @ D:\OpenServer\domains\localhost\stage2\core\components\migx\processors\mgr\migxconfigs\update.php : 406) modCacheManager::clearCache is deprecated since version 2.1.0. Use modCacheManager::refresh() instead.
[2021-10-12 23:13:21] (ERROR @ D:\OpenServer\domains\localhost\stage2\core\xpdo\om\xpdoobject.class.php : 240) Error 42000 executing statement: 
Array
(
    [0] => 42000
    [1] => 1055
    [2] => Expression #1 of SELECT list is not in GROUP BY clause and contains nonaggregated column 'stage2.migxConfig.id' which is not functionally dependent on columns in GROUP BY clause; this is incompatible with sql_mode=only_full_group_by
)

[2021-10-12 23:13:51] (ERROR @ D:\OpenServer\domains\localhost\stage2\core\xpdo\om\xpdoobject.class.php : 240) Error 42000 executing statement: 
Array
(
    [0] => 42000
    [1] => 1055
    [2] => Expression #1 of SELECT list is not in GROUP BY clause and contains nonaggregated column 'stage2.migxConfig.id' which is not functionally dependent on columns in GROUP BY clause; this is incompatible with sql_mode=only_full_group_by
)

[2021-10-12 23:13:51] (ERROR in modProcessor::run @ D:\OpenServer\domains\localhost\stage2\core\model\modx\modprocessor.class.php : 185) Flat file processor support, used for action mgr/migxdb/update with path D:/OpenServer/domains/localhost/stage2/core/components/migx/processors/mgr/migxdb/update.php, is deprecated since version 2.7.0. 
[2021-10-12 23:13:51] (ERROR @ D:\OpenServer\domains\localhost\stage2\core\xpdo\om\xpdoobject.class.php : 240) Error 42000 executing statement: 
Array
(
    [0] => 42000
    [1] => 1055
    [2] => Expression #1 of SELECT list is not in GROUP BY clause and contains nonaggregated column 'stage2.migxConfig.id' which is not functionally dependent on columns in GROUP BY clause; this is incompatible with sql_mode=only_full_group_by
)

[2021-10-12 23:13:51] (ERROR @ D:\OpenServer\domains\localhost\stage2\core\components\migx\processors\mgr\migxconfigs\update.php : 406) modCacheManager::clearCache is deprecated since version 2.1.0. Use modCacheManager::refresh() instead.
[2021-10-12 23:13:53] (ERROR @ D:\OpenServer\domains\localhost\stage2\core\xpdo\om\xpdoobject.class.php : 240) Error 42000 executing statement: 
Array
(
    [0] => 42000
    [1] => 1055
    [2] => Expression #1 of SELECT list is not in GROUP BY clause and contains nonaggregated column 'stage2.migxConfig.id' which is not functionally dependent on columns in GROUP BY clause; this is incompatible with sql_mode=only_full_group_by
)

[2021-10-12 23:14:01] (ERROR @ D:\OpenServer\domains\localhost\stage2\core\xpdo\om\xpdoobject.class.php : 240) Error 42000 executing statement: 
Array
(
    [0] => 42000
    [1] => 1055
    [2] => Expression #1 of SELECT list is not in GROUP BY clause and contains nonaggregated column 'stage2.migxConfig.id' which is not functionally dependent on columns in GROUP BY clause; this is incompatible with sql_mode=only_full_group_by
)

[2021-10-12 23:14:01] (ERROR in modProcessor::run @ D:\OpenServer\domains\localhost\stage2\core\model\modx\modprocessor.class.php : 185) Flat file processor support, used for action mgr/migxdb/update with path D:/OpenServer/domains/localhost/stage2/core/components/migx/processors/mgr/migxdb/update.php, is deprecated since version 2.7.0. 
[2021-10-12 23:14:01] (ERROR @ D:\OpenServer\domains\localhost\stage2\core\xpdo\om\xpdoobject.class.php : 240) Error 42000 executing statement: 
Array
(
    [0] => 42000
    [1] => 1055
    [2] => Expression #1 of SELECT list is not in GROUP BY clause and contains nonaggregated column 'stage2.migxConfig.id' which is not functionally dependent on columns in GROUP BY clause; this is incompatible with sql_mode=only_full_group_by
)

[2021-10-12 23:14:01] (ERROR @ D:\OpenServer\domains\localhost\stage2\core\components\migx\processors\mgr\migxconfigs\update.php : 406) modCacheManager::clearCache is deprecated since version 2.1.0. Use modCacheManager::refresh() instead.
[2021-10-12 23:14:04] (ERROR @ D:\OpenServer\domains\localhost\stage2\core\xpdo\om\xpdoobject.class.php : 240) Error 42000 executing statement: 
Array
(
    [0] => 42000
    [1] => 1055
    [2] => Expression #1 of SELECT list is not in GROUP BY clause and contains nonaggregated column 'stage2.migxConfig.id' which is not functionally dependent on columns in GROUP BY clause; this is incompatible with sql_mode=only_full_group_by
)

[2021-10-12 23:14:52] (ERROR @ D:\OpenServer\domains\localhost\stage2\core\xpdo\om\xpdoobject.class.php : 240) Error 42000 executing statement: 
Array
(
    [0] => 42000
    [1] => 1055
    [2] => Expression #1 of SELECT list is not in GROUP BY clause and contains nonaggregated column 'stage2.migxConfig.id' which is not functionally dependent on columns in GROUP BY clause; this is incompatible with sql_mode=only_full_group_by
)

[2021-10-12 23:14:52] (ERROR in modProcessor::run @ D:\OpenServer\domains\localhost\stage2\core\model\modx\modprocessor.class.php : 185) Flat file processor support, used for action mgr/migxdb/update with path D:/OpenServer/domains/localhost/stage2/core/components/migx/processors/mgr/migxdb/update.php, is deprecated since version 2.7.0. 
[2021-10-12 23:14:52] (ERROR @ D:\OpenServer\domains\localhost\stage2\core\xpdo\om\xpdoobject.class.php : 240) Error 42000 executing statement: 
Array
(
    [0] => 42000
    [1] => 1055
    [2] => Expression #1 of SELECT list is not in GROUP BY clause and contains nonaggregated column 'stage2.migxConfig.id' which is not functionally dependent on columns in GROUP BY clause; this is incompatible with sql_mode=only_full_group_by
)

[2021-10-12 23:14:52] (ERROR @ D:\OpenServer\domains\localhost\stage2\core\components\migx\processors\mgr\migxconfigs\update.php : 406) modCacheManager::clearCache is deprecated since version 2.1.0. Use modCacheManager::refresh() instead.
[2021-10-12 23:14:54] (ERROR @ D:\OpenServer\domains\localhost\stage2\core\xpdo\om\xpdoobject.class.php : 240) Error 42000 executing statement: 
Array
(
    [0] => 42000
    [1] => 1055
    [2] => Expression #1 of SELECT list is not in GROUP BY clause and contains nonaggregated column 'stage2.migxConfig.id' which is not functionally dependent on columns in GROUP BY clause; this is incompatible with sql_mode=only_full_group_by
)

[2021-10-12 23:15:21] (ERROR @ D:\OpenServer\domains\localhost\stage2\core\xpdo\om\xpdoobject.class.php : 240) Error 42000 executing statement: 
Array
(
    [0] => 42000
    [1] => 1055
    [2] => Expression #1 of SELECT list is not in GROUP BY clause and contains nonaggregated column 'stage2.migxConfig.id' which is not functionally dependent on columns in GROUP BY clause; this is incompatible with sql_mode=only_full_group_by
)

[2021-10-12 23:15:21] (ERROR in modProcessor::run @ D:\OpenServer\domains\localhost\stage2\core\model\modx\modprocessor.class.php : 185) Flat file processor support, used for action mgr/migxdb/update with path D:/OpenServer/domains/localhost/stage2/core/components/migx/processors/mgr/migxdb/update.php, is deprecated since version 2.7.0. 
[2021-10-12 23:15:21] (ERROR @ D:\OpenServer\domains\localhost\stage2\core\xpdo\om\xpdoobject.class.php : 240) Error 42000 executing statement: 
Array
(
    [0] => 42000
    [1] => 1055
    [2] => Expression #1 of SELECT list is not in GROUP BY clause and contains nonaggregated column 'stage2.migxConfig.id' which is not functionally dependent on columns in GROUP BY clause; this is incompatible with sql_mode=only_full_group_by
)

[2021-10-12 23:15:21] (ERROR @ D:\OpenServer\domains\localhost\stage2\core\components\migx\processors\mgr\migxconfigs\update.php : 406) modCacheManager::clearCache is deprecated since version 2.1.0. Use modCacheManager::refresh() instead.
[2021-10-12 23:15:23] (ERROR @ D:\OpenServer\domains\localhost\stage2\core\xpdo\om\xpdoobject.class.php : 240) Error 42000 executing statement: 
Array
(
    [0] => 42000
    [1] => 1055
    [2] => Expression #1 of SELECT list is not in GROUP BY clause and contains nonaggregated column 'stage2.migxConfig.id' which is not functionally dependent on columns in GROUP BY clause; this is incompatible with sql_mode=only_full_group_by
)

[2021-10-12 23:15:37] (ERROR @ D:\OpenServer\domains\localhost\stage2\core\xpdo\om\xpdoobject.class.php : 240) Error 42000 executing statement: 
Array
(
    [0] => 42000
    [1] => 1055
    [2] => Expression #1 of SELECT list is not in GROUP BY clause and contains nonaggregated column 'stage2.migxConfig.id' which is not functionally dependent on columns in GROUP BY clause; this is incompatible with sql_mode=only_full_group_by
)

[2021-10-12 23:15:37] (ERROR in modProcessor::run @ D:\OpenServer\domains\localhost\stage2\core\model\modx\modprocessor.class.php : 185) Flat file processor support, used for action mgr/migxdb/update with path D:/OpenServer/domains/localhost/stage2/core/components/migx/processors/mgr/migxdb/update.php, is deprecated since version 2.7.0. 
[2021-10-12 23:15:37] (ERROR @ D:\OpenServer\domains\localhost\stage2\core\xpdo\om\xpdoobject.class.php : 240) Error 42000 executing statement: 
Array
(
    [0] => 42000
    [1] => 1055
    [2] => Expression #1 of SELECT list is not in GROUP BY clause and contains nonaggregated column 'stage2.migxConfig.id' which is not functionally dependent on columns in GROUP BY clause; this is incompatible with sql_mode=only_full_group_by
)

[2021-10-12 23:15:37] (ERROR @ D:\OpenServer\domains\localhost\stage2\core\components\migx\processors\mgr\migxconfigs\update.php : 406) modCacheManager::clearCache is deprecated since version 2.1.0. Use modCacheManager::refresh() instead.
[2021-10-12 23:15:39] (ERROR @ D:\OpenServer\domains\localhost\stage2\core\xpdo\om\xpdoobject.class.php : 240) Error 42000 executing statement: 
Array
(
    [0] => 42000
    [1] => 1055
    [2] => Expression #1 of SELECT list is not in GROUP BY clause and contains nonaggregated column 'stage2.migxConfig.id' which is not functionally dependent on columns in GROUP BY clause; this is incompatible with sql_mode=only_full_group_by
)

[2021-10-12 23:15:40] (ERROR @ D:\OpenServer\domains\localhost\stage2\core\xpdo\om\xpdoobject.class.php : 240) Error 42000 executing statement: 
Array
(
    [0] => 42000
    [1] => 1055
    [2] => Expression #1 of SELECT list is not in GROUP BY clause and contains nonaggregated column 'stage2.migxConfig.id' which is not functionally dependent on columns in GROUP BY clause; this is incompatible with sql_mode=only_full_group_by
)

[2021-10-12 23:15:40] (ERROR in modProcessor::run @ D:\OpenServer\domains\localhost\stage2\core\model\modx\modprocessor.class.php : 185) Flat file processor support, used for action mgr/migxdb/update with path D:/OpenServer/domains/localhost/stage2/core/components/migx/processors/mgr/migxdb/update.php, is deprecated since version 2.7.0. 
[2021-10-12 23:15:40] (ERROR @ D:\OpenServer\domains\localhost\stage2\core\xpdo\om\xpdoobject.class.php : 240) Error 42000 executing statement: 
Array
(
    [0] => 42000
    [1] => 1055
    [2] => Expression #1 of SELECT list is not in GROUP BY clause and contains nonaggregated column 'stage2.migxConfig.id' which is not functionally dependent on columns in GROUP BY clause; this is incompatible with sql_mode=only_full_group_by
)

[2021-10-12 23:15:40] (ERROR @ D:\OpenServer\domains\localhost\stage2\core\components\migx\processors\mgr\migxconfigs\update.php : 406) modCacheManager::clearCache is deprecated since version 2.1.0. Use modCacheManager::refresh() instead.
[2021-10-12 23:15:43] (ERROR @ D:\OpenServer\domains\localhost\stage2\core\xpdo\om\xpdoobject.class.php : 240) Error 42000 executing statement: 
Array
(
    [0] => 42000
    [1] => 1055
    [2] => Expression #1 of SELECT list is not in GROUP BY clause and contains nonaggregated column 'stage2.migxConfig.id' which is not functionally dependent on columns in GROUP BY clause; this is incompatible with sql_mode=only_full_group_by
)

